{"/home/amadev/Udemy/React Ninja/M2A09/src/map/map.js": {"path":"/home/amadev/Udemy/React Ninja/M2A09/src/map/map.js","statementMap":{"0":{"start":{"line":2,"column":12},"end":{"line":9,"column":1}},"1":{"start":{"line":3,"column":17},"end":{"line":3,"column":19}},"2":{"start":{"line":4,"column":4},"end":{"line":6,"column":5}},"3":{"start":{"line":5,"column":8},"end":{"line":5,"column":41}},"4":{"start":{"line":7,"column":4},"end":{"line":7,"column":17}}},"fnMap":{"0":{"name":"(anonymous_0)","decl":{"start":{"line":2,"column":12},"end":{"line":2,"column":13}},"loc":{"start":{"line":2,"column":27},"end":{"line":9,"column":1}},"line":2}},"branchMap":{},"s":{"0":1,"1":6,"2":6,"3":12,"4":6},"f":{"0":6},"b":{},"_coverageSchema":"332fd63041d2c1bcb487cc26dd0d5f7d97098a6c","hash":"59c8878b58894771d3f8b68ea7f34d6401dd658c"}
}
